remote: error: GH013: Repository rule violations found for refs/heads/main.        
remote: 
remote: - GITHUB PUSH PROTECTION        
remote:   —————————————————————————————————————————        
remote:     Resolve the following violations before pushing again        
remote: 
remote:     - Push cannot contain secrets        
remote: 
remote:             
remote:      (?) Learn how to resolve a blocked push        
remote:      https://docs.github.com/code-security/secret-scanning/working-with-secret-scanning-and-push-protection/working-with-push-protection-from-the-command-line#resolving-a-blocked-push        
remote:             
remote:             
remote:       —— Twilio Account String Identifier ——————————————————        
remote:        locations:        
remote:          - commit: 2ffa3d4f07c8c50b28b5db6847a4845f5851f88e        
remote:            path: src/main/java/com/syc/finance/v1/bharat/constants/AccountDetailsConstants.java:15        
remote:             
remote:        (?) To push, remove secret from commit(s) or follow this URL to allow the secret.        
remote:        https://github.com/ravendrakurmi102002/Bank-Of-Bharat-BOB/security/secret-scanning/unblock-secret/3CJUQT1N46adHs1oDtlwEfrfunZ        
remote:             
remote: 
remote: 
To https://github.com/ravendrakurmi102002/Bank-Of-Bharat-BOB.git
 ! [remote rejected] main -> main (push declined due to repository rule violations)
error: failed to push some refs to 'https://github.com/ravendrakurmi102002/Bank-Of-Bharat-BOB.git'
